Base path: /Applications/Unity/Unity.app/Contents
Cmd: initializeCompiler
Cmd: compileComputeKernel
  api=14 insize=2134 outsize=2125 ok=1
Cmd: translateComputeKernel
  api=14 insize=2125 outsize=3945 ok=1
Cmd: compileComputeKernel
  api=14 insize=7524 outsize=10513 ok=1
Cmd: translateComputeKernel
  api=14 insize=10513 outsize=18373 ok=1
Cmd: compileComputeKernel
  api=14 insize=5188 outsize=5485 ok=1
Cmd: translateComputeKernel
  api=14 insize=10769 outsize=17649 ok=1
Cmd: translateComputeKernel
  api=14 insize=3173 outsize=5169 ok=1
Cmd: compileComputeKernel
  api=14 insize=9421 outsize=9657 ok=1
Cmd: translateComputeKernel
  api=14 insize=9657 outsize=16521 ok=1
Cmd: translateComputeKernel
  api=14 insize=9881 outsize=16765 ok=1
Cmd: compileComputeKernel
  api=14 insize=1957 outsize=1993 ok=1
Cmd: translateComputeKernel
  api=14 insize=1993 outsize=3585 ok=1
Cmd: translateComputeKernel
  api=14 insize=845 outsize=777 ok=1
Cmd: compileComputeKernel
  api=14 insize=1864 outsize=1129 ok=1
Cmd: translateComputeKernel
  api=14 insize=1129 outsize=1409 ok=1
Cmd: compileComputeKernel
  api=14 insize=1505 outsize=1177 ok=1
Cmd: translateComputeKernel
  api=14 insize=1177 outsize=1289 ok=1
Cmd: initializeCompiler
Cmd: initializeCompiler
Cmd: initializeCompiler
Cmd: initializeCompiler
Cmd: initializeCompiler

Quitting shader compiler process
