Base path: /Applications/Unity/Unity.app/Contents
Cmd: initializeCompiler
Cmd: translateComputeKernel
  api=14 insize=833 outsize=777 ok=1
Cmd: compileComputeKernel
  api=14 insize=3420 outsize=48541 ok=1
Cmd: translateComputeKernel
  api=14 insize=48169 outsize=84725 ok=1
Cmd: translateComputeKernel
  api=14 insize=10669 outsize=18673 ok=1
Cmd: compileComputeKernel
  api=14 insize=5188 outsize=5117 ok=1
Cmd: translateComputeKernel
  api=14 insize=5373 outsize=7541 ok=1
Cmd: compileComputeKernel
  api=14 insize=9421 outsize=9477 ok=1
Cmd: translateComputeKernel
  api=14 insize=9477 outsize=16253 ok=1
Cmd: compileComputeKernel
  api=14 insize=5591 outsize=6977 ok=1
Cmd: translateComputeKernel
  api=14 insize=6977 outsize=13481 ok=1
Cmd: compileComputeKernel
  api=14 insize=2953 outsize=785 ok=1
Cmd: compileComputeKernel
  api=14 insize=1864 outsize=1997 ok=1
Cmd: translateComputeKernel
  api=14 insize=1997 outsize=3609 ok=1
Cmd: initializeCompiler
Cmd: initializeCompiler
Cmd: initializeCompiler
Cmd: initializeCompiler
Cmd: initializeCompiler

Quitting shader compiler process
